WARNING: Using incubator modules: jdk.incubator.vector
WARNING: A terminally deprecated method in sun.misc.Unsafe has been called
WARNING: sun.misc.Unsafe::allocateMemory has been called by io.netty.util.internal.PlatformDependent0$2 (file:/Users/oleksandr/projects/helios-rule-engine/helios-service/target/quarkus-app/lib/main/io.netty.netty-common-4.1.130.Final.jar)
WARNING: Please consider reporting this to the maintainers of class io.netty.util.internal.PlatformDependent0$2
WARNING: sun.misc.Unsafe::allocateMemory will be removed in a future release
__  ____  __  _____   ___  __ ____  ______ 
 --/ __ \/ / / / _ | / _ \/ //_/ / / / __/ 
 -/ /_/ / /_/ / __ |/ , _/ ,< / /_/ /\ \   
--\___\_\____/_/ |_/_/|_/_/|_|\____/___/   
19:22:54 WARN  [io.qu.config] (main) Unrecognized configuration key "quarkus.otel.resource.attributes" was provided; it will be ignored; verify that the dependency extension for this configuration is set or that you did not make a typo
19:22:54 WARN  [io.qu.config] (main) Unrecognized configuration key "quarkus.otel.enabled" was provided; it will be ignored; verify that the dependency extension for this configuration is set or that you did not make a typo
19:22:54 WARN  [io.qu.config] (main) Unrecognized configuration key "quarkus.otel.traces.sampler" was provided; it will be ignored; verify that the dependency extension for this configuration is set or that you did not make a typo
19:22:54 WARN  [io.qu.config] (main) Unrecognized configuration key "quarkus.otel.exporter.otlp.endpoint" was provided; it will be ignored; verify that the dependency extension for this configuration is set or that you did not make a typo
19:22:54 WARN  [io.qu.config] (main) Unrecognized configuration key "quarkus.otel.traces.sampler.arg" was provided; it will be ignored; verify that the dependency extension for this configuration is set or that you did not make a typo
19:22:54 INFO  [co.he.ru.se.li.RuleEngineLifecycle] (main) Starting Helios Rule Engine with Quarkus
19:22:54 INFO  [co.he.ru.in.te.TracingService] (main) Initializing OpenTelemetry tracing...
19:22:54 INFO  [co.he.ru.in.te.TracingService] (main) Using Logging exporter (dev/debug mode)
19:22:54 INFO  [co.he.ru.in.te.TracingService] (main) OpenTelemetry initialized: service=rule-engine, version=unknown, env=dev, sampler=ParentBased{root:TraceIdRatioBased{1.000000},remoteParentSampled:AlwaysOnSampler,remoteParentNotSampled:AlwaysOffSampler,localParentSampled:AlwaysOnSampler,localParentNotSampled:AlwaysOffSampler}
19:22:54 INFO  [co.he.ru.in.ma.EngineModelManager] (main) Successfully reloaded and swapped to new rule model.
19:22:54 INFO  [co.he.ru.se.li.RuleEngineLifecycle] (main) Rule Engine is ready to serve requests
19:22:54 INFO  [io.quarkus] (main) helios-rule-engine 1.0.0-SNAPSHOT on JVM (powered by Quarkus 3.30.5) started in 0.717s. Listening on: http://0.0.0.0:8080
19:22:54 INFO  [io.quarkus] (main) Profile prod activated. 
19:22:54 INFO  [io.quarkus] (main) Installed features: [cdi, rest, rest-jackson, smallrye-context-propagation, smallrye-health, vertx]
Initializing new RuleEvaluator for thread: executor-thread-16
19:22:59 INFO  [co.he.ru.ru.op.PredicateEvaluator] (executor-thread-16) PredicateEvaluator initialized with 4 specialized evaluators
19:22:59 INFO  [co.he.ru.ca.CacheConfig] (executor-thread-16) Loading cache configuration from: cache.properties
19:22:59 INFO  [co.he.ru.ca.CacheConfig] (executor-thread-16) Loaded 19 properties from classpath: cache.properties
19:22:59 INFO  [co.he.ru.ca.CacheConfig] (executor-thread-16) Cache configuration validated: CacheConfig{cacheType=ADAPTIVE, maxSize=10000, initialCapacity=10000, ttl=10 MINUTES, recordStats=true, adaptiveSizing=true, sizeRange=[1000-10000000], hitRateThresholds=[0.7-0.95], tuningInterval=30s}
19:22:59 INFO  [co.he.ru.ca.CacheFactory] (executor-thread-16) Creating cache: CacheConfig{cacheType=ADAPTIVE, maxSize=10000, initialCapacity=10000, ttl=10 MINUTES, recordStats=true, adaptiveSizing=true, sizeRange=[1000-10000000], hitRateThresholds=[0.7-0.95], tuningInterval=30s}
19:22:59 INFO  [co.he.ru.ca.CacheFactory] (executor-thread-16) Adaptive cache created: initialSize=10000, ttl=10 MINUTES, recordStats=true. Note: Adaptive tuning uses internal constants (minSize=10K, maxSize=10M, lowThreshold=0.70, highThreshold=0.95, interval=30s). Config values (minSize=1000, maxSize=10000000, lowThreshold=0.70, highThreshold=0.95, interval=30s) are logged but not applied.
19:22:59 INFO  [co.he.ru.ca.AdaptiveCaffeineCache] (executor-thread-16) AdaptiveCaffeineCache initialized: maxSize=10000, ttl=600000ms, adaptive=true, minSize=10000, maxSize=10000000, tuningInterval=30s
19:22:59 INFO  [co.he.ru.ca.CacheFactory] (executor-thread-16) Cache created successfully: ADAPTIVE
19:22:59 INFO  [co.he.ru.ru.ev.BaseConditionEvaluator] (executor-thread-16) Built 0 base condition sets from 0 rules with static predicates, 3 rules with no base conditions
19:22:59 INFO  [co.he.ru.ru.ev.BaseConditionEvaluator] (executor-thread-16) BaseConditionEvaluator initialized: 0 base condition sets, 3 rules with no base conditions
19:22:59 INFO  [co.he.ru.ru.ev.RuleEvaluator] (executor-thread-16) RuleEvaluator initialized with base condition cache, 3 rules
19:22:59 INFO  [io.op.ex.lo.LoggingSpanExporter] (BatchSpanProcessor_WorkerThread-1) 'build-dictionaries' : 9c1fa1a95e6232dbe8922268661480b5 c2c7dfa6c6123b03 INTERNAL [tracer: com.helios.rule-engine:] AttributesMap{data={fieldCount=4, valueCount=0}, capacity=128, totalAddedValues=2}
19:22:59 INFO  [io.op.ex.lo.LoggingSpanExporter] (BatchSpanProcessor_WorkerThread-1) 'build-core-model' : 9c1fa1a95e6232dbe8922268661480b5 cdc4f42d1f9c90fa INTERNAL [tracer: com.helios.rule-engine:] {}
19:22:59 INFO  [io.op.ex.lo.LoggingSpanExporter] (BatchSpanProcessor_WorkerThread-1) 'compile-rules' : 9c1fa1a95e6232dbe8922268661480b5 8268b0c89e808b1a INTERNAL [tracer: com.helios.rule-engine:] AttributesMap{data={logicalRuleCount=3, ruleFilePath=rules.json, compilationTimeMs=67, factoredRuleCount=3, uniqueCombinationCount=3}, capacity=128, totalAddedValues=5}
19:22:59 INFO  [io.op.ex.lo.LoggingSpanExporter] (BatchSpanProcessor_WorkerThread-1) 'load-new-model' : 9c1fa1a95e6232dbe8922268661480b5 460e3e86dc5147be INTERNAL [tracer: com.helios.rule-engine:] AttributesMap{data={newModel.uniqueCombinations=3}, capacity=128, totalAddedValues=1}
19:22:59 INFO  [io.op.ex.lo.LoggingSpanExporter] (BatchSpanProcessor_WorkerThread-1) 'http-get-monitoring-metrics' : 103c3b8004cb91e42b78b86c1563b289 4146c750410fc695 INTERNAL [tracer: com.helios.rule-engine:] {}
19:23:09 INFO  [io.op.ex.lo.LoggingSpanExporter] (BatchSpanProcessor_WorkerThread-1) 'check-for-rule-updates' : 76373802912400ecb68a2ef59c93d600 eef0492654c804f9 INTERNAL [tracer: com.helios.rule-engine:] AttributesMap{data={ruleFile=rules.json}, capacity=128, totalAddedValues=1}
19:23:09 INFO  [io.op.ex.lo.LoggingSpanExporter] (BatchSpanProcessor_WorkerThread-1) 'http-list-rules' : fb8302927d45c47f0d455af483e813ef 3387b7a62e98a5ab INTERNAL [tracer: com.helios.rule-engine:] AttributesMap{data={ruleCount=3}, capacity=128, totalAddedValues=1}
19:23:09 INFO  [io.op.ex.lo.LoggingSpanExporter] (BatchSpanProcessor_WorkerThread-1) 'http-get-stats' : 3f4e496d486e64eb10d4141745933937 75140c0e5805e5a1 INTERNAL [tracer: com.helios.rule-engine:] {}
19:23:09 INFO  [io.op.ex.lo.LoggingSpanExporter] (BatchSpanProcessor_WorkerThread-1) 'http-get-health' : 5dd22d25e46d1fd8fdfa4836ff76736a 7aba060e00018921 INTERNAL [tracer: com.helios.rule-engine:] {}
19:23:19 INFO  [io.op.ex.lo.LoggingSpanExporter] (BatchSpanProcessor_WorkerThread-1) 'check-for-rule-updates' : 69e9c8c49623aef7abcb4361a4128a8c d81ebf37a5624e7d INTERNAL [tracer: com.helios.rule-engine:] AttributesMap{data={ruleFile=rules.json}, capacity=128, totalAddedValues=1}
19:23:29 INFO  [io.op.ex.lo.LoggingSpanExporter] (BatchSpanProcessor_WorkerThread-1) 'check-for-rule-updates' : 624a59e8c38d198b21492426a479a56f 26f74847bf036978 INTERNAL [tracer: com.helios.rule-engine:] AttributesMap{data={ruleFile=rules.json}, capacity=128, totalAddedValues=1}
19:23:39 INFO  [io.op.ex.lo.LoggingSpanExporter] (BatchSpanProcessor_WorkerThread-1) 'check-for-rule-updates' : 3b39cd3e1b6be531be40da504a93f78d 57600a814e8b9900 INTERNAL [tracer: com.helios.rule-engine:] AttributesMap{data={ruleFile=rules.json}, capacity=128, totalAddedValues=1}
19:23:49 INFO  [io.op.ex.lo.LoggingSpanExporter] (BatchSpanProcessor_WorkerThread-1) 'check-for-rule-updates' : fdbfa21359cc15bf8c6cb9a0cf64ee36 d5f6dfde82c47b43 INTERNAL [tracer: com.helios.rule-engine:] AttributesMap{data={ruleFile=rules.json}, capacity=128, totalAddedValues=1}
19:23:49 INFO  [io.op.ex.lo.LoggingSpanExporter] (BatchSpanProcessor_WorkerThread-1) 'http-list-rules' : ff0fadb3ccbf77232dd3bb36fce8f8bb f0eafced22cfaf9b INTERNAL [tracer: com.helios.rule-engine:] AttributesMap{data={ruleCount=3}, capacity=128, totalAddedValues=1}
19:23:59 INFO  [io.op.ex.lo.LoggingSpanExporter] (BatchSpanProcessor_WorkerThread-1) 'check-for-rule-updates' : b26fd2ec0b42f4d321d7615743daeec8 8391d28eebe8ca36 INTERNAL [tracer: com.helios.rule-engine:] AttributesMap{data={ruleFile=rules.json}, capacity=128, totalAddedValues=1}
19:24:09 INFO  [io.op.ex.lo.LoggingSpanExporter] (BatchSpanProcessor_WorkerThread-1) 'check-for-rule-updates' : 411fba4d7a5ab118a0c8c308e053dcca d03b623404ec7f54 INTERNAL [tracer: com.helios.rule-engine:] AttributesMap{data={ruleFile=rules.json}, capacity=128, totalAddedValues=1}
19:24:19 INFO  [io.op.ex.lo.LoggingSpanExporter] (BatchSpanProcessor_WorkerThread-1) 'check-for-rule-updates' : 2a5b38dfa87a333da5c3a955a7fa1571 b3c47228c3f2febd INTERNAL [tracer: com.helios.rule-engine:] AttributesMap{data={ruleFile=rules.json}, capacity=128, totalAddedValues=1}
19:24:29 INFO  [io.op.ex.lo.LoggingSpanExporter] (BatchSpanProcessor_WorkerThread-1) 'check-for-rule-updates' : 8f1f5e27544f0589e19b9a498349a010 cb230e1fec610f41 INTERNAL [tracer: com.helios.rule-engine:] AttributesMap{data={ruleFile=rules.json}, capacity=128, totalAddedValues=1}
19:24:39 INFO  [io.op.ex.lo.LoggingSpanExporter] (BatchSpanProcessor_WorkerThread-1) 'check-for-rule-updates' : 360ab75c8bd6f4f4409752098b359d8e 012565e51f295f52 INTERNAL [tracer: com.helios.rule-engine:] AttributesMap{data={ruleFile=rules.json}, capacity=128, totalAddedValues=1}
19:24:49 INFO  [io.op.ex.lo.LoggingSpanExporter] (BatchSpanProcessor_WorkerThread-1) 'check-for-rule-updates' : a53287b4dd075f704fce05f34bd158b7 5e8c8dcb119fb6f4 INTERNAL [tracer: com.helios.rule-engine:] AttributesMap{data={ruleFile=rules.json}, capacity=128, totalAddedValues=1}
19:24:59 INFO  [io.op.ex.lo.LoggingSpanExporter] (BatchSpanProcessor_WorkerThread-1) 'check-for-rule-updates' : d0f6c2be30ef134f067434b8def6793c 10490062e74da235 INTERNAL [tracer: com.helios.rule-engine:] AttributesMap{data={ruleFile=rules.json}, capacity=128, totalAddedValues=1}
19:25:09 INFO  [io.op.ex.lo.LoggingSpanExporter] (BatchSpanProcessor_WorkerThread-1) 'check-for-rule-updates' : 507bf0dc410d607344ab2f051e000c66 70918d16f3cd601f INTERNAL [tracer: com.helios.rule-engine:] AttributesMap{data={ruleFile=rules.json}, capacity=128, totalAddedValues=1}
19:25:14 INFO  [io.op.ex.lo.LoggingSpanExporter] (BatchSpanProcessor_WorkerThread-1) 'check-for-rule-updates' : 0e0617feb5e1dc062cb6d40511aab134 82dee363fc0604fe INTERNAL [tracer: com.helios.rule-engine:] AttributesMap{data={ruleFile=rules.json}, capacity=128, totalAddedValues=1}
19:25:24 INFO  [io.op.ex.lo.LoggingSpanExporter] (BatchSpanProcessor_WorkerThread-1) 'check-for-rule-updates' : 68b5fac010e9a7f544e09137af5f4624 99371964096b3ba9 INTERNAL [tracer: com.helios.rule-engine:] AttributesMap{data={ruleFile=rules.json}, capacity=128, totalAddedValues=1}
19:25:34 INFO  [io.op.ex.lo.LoggingSpanExporter] (BatchSpanProcessor_WorkerThread-1) 'check-for-rule-updates' : eee9d6bb7cd8340c778e9a67e1c690b6 56bb776c4264532b INTERNAL [tracer: com.helios.rule-engine:] AttributesMap{data={ruleFile=rules.json}, capacity=128, totalAddedValues=1}
19:25:44 INFO  [io.op.ex.lo.LoggingSpanExporter] (BatchSpanProcessor_WorkerThread-1) 'check-for-rule-updates' : 38201af27eafbc967935aafe7f55d49c f9b41446a4d4c984 INTERNAL [tracer: com.helios.rule-engine:] AttributesMap{data={ruleFile=rules.json}, capacity=128, totalAddedValues=1}
19:25:49 INFO  [io.op.ex.lo.LoggingSpanExporter] (BatchSpanProcessor_WorkerThread-1) 'http-list-rules' : 8c3f43f84145d77adedad874d21f8984 2836d2c7614f91e1 INTERNAL [tracer: com.helios.rule-engine:] AttributesMap{data={ruleCount=3}, capacity=128, totalAddedValues=1}
19:25:54 INFO  [io.op.ex.lo.LoggingSpanExporter] (BatchSpanProcessor_WorkerThread-1) 'check-for-rule-updates' : c97bc8fd6b3d3ab81363181d3c846e5d f5c89ecd2111019b INTERNAL [tracer: com.helios.rule-engine:] AttributesMap{data={ruleFile=rules.json}, capacity=128, totalAddedValues=1}
19:26:04 INFO  [io.op.ex.lo.LoggingSpanExporter] (BatchSpanProcessor_WorkerThread-1) 'check-for-rule-updates' : aac9e69cac206ccc97011e1bf9997e4b 5a989a84aed05450 INTERNAL [tracer: com.helios.rule-engine:] AttributesMap{data={ruleFile=rules.json}, capacity=128, totalAddedValues=1}
19:26:09 INFO  [io.op.ex.lo.LoggingSpanExporter] (BatchSpanProcessor_WorkerThread-1) 'http-list-rules' : 032c0c0630253fd7070687967e57db40 dea5b926161b710c INTERNAL [tracer: com.helios.rule-engine:] AttributesMap{data={ruleCount=3}, capacity=128, totalAddedValues=1}
19:26:09 INFO  [io.op.ex.lo.LoggingSpanExporter] (BatchSpanProcessor_WorkerThread-1) 'http-list-rules' : ab8d537a6361a673e2010b2d268b0b11 c560b76237bef4d7 INTERNAL [tracer: com.helios.rule-engine:] AttributesMap{data={ruleCount=3}, capacity=128, totalAddedValues=1}
19:26:14 INFO  [io.op.ex.lo.LoggingSpanExporter] (BatchSpanProcessor_WorkerThread-1) 'check-for-rule-updates' : 5017924a6822e3fc2e53ff7439a70a7a 1f44c5d2c0f12c51 INTERNAL [tracer: com.helios.rule-engine:] AttributesMap{data={ruleFile=rules.json}, capacity=128, totalAddedValues=1}
19:26:19 INFO  [io.op.ex.lo.LoggingSpanExporter] (BatchSpanProcessor_WorkerThread-1) 'http-list-rules' : 73a8c1976b8d77fde97130b983ef51ef 58ff5d8ca85643e5 INTERNAL [tracer: com.helios.rule-engine:] AttributesMap{data={ruleCount=3}, capacity=128, totalAddedValues=1}
19:26:24 INFO  [io.op.ex.lo.LoggingSpanExporter] (BatchSpanProcessor_WorkerThread-1) 'check-for-rule-updates' : 5857b55c3c99b4e840ff25bb2b2680a3 aa9de152d30ae9a8 INTERNAL [tracer: com.helios.rule-engine:] AttributesMap{data={ruleFile=rules.json}, capacity=128, totalAddedValues=1}
19:26:34 INFO  [io.op.ex.lo.LoggingSpanExporter] (BatchSpanProcessor_WorkerThread-1) 'check-for-rule-updates' : fe6400d0d303d0d7f5c46cad746d1083 e2cec1c772b6f13e INTERNAL [tracer: com.helios.rule-engine:] AttributesMap{data={ruleFile=rules.json}, capacity=128, totalAddedValues=1}
19:26:44 INFO  [io.op.ex.lo.LoggingSpanExporter] (BatchSpanProcessor_WorkerThread-1) 'check-for-rule-updates' : b3e2e1e8616866ec8554b8241975e958 48066d5d5a636c16 INTERNAL [tracer: com.helios.rule-engine:] AttributesMap{data={ruleFile=rules.json}, capacity=128, totalAddedValues=1}
19:26:54 INFO  [io.op.ex.lo.LoggingSpanExporter] (BatchSpanProcessor_WorkerThread-1) 'check-for-rule-updates' : c0765b64d8e1e95443ff1b2a62a3a143 cd2a3885c21ddea3 INTERNAL [tracer: com.helios.rule-engine:] AttributesMap{data={ruleFile=rules.json}, capacity=128, totalAddedValues=1}
19:27:04 INFO  [io.op.ex.lo.LoggingSpanExporter] (BatchSpanProcessor_WorkerThread-1) 'check-for-rule-updates' : cda40e17c24a89ed239b6ae301afb9cf 9cdac37aa08b2066 INTERNAL [tracer: com.helios.rule-engine:] AttributesMap{data={ruleFile=rules.json}, capacity=128, totalAddedValues=1}
19:27:14 INFO  [io.op.ex.lo.LoggingSpanExporter] (BatchSpanProcessor_WorkerThread-1) 'check-for-rule-updates' : 9a7a86b5bbe0f811618896c979e37f89 5efb017aa2a6a2f3 INTERNAL [tracer: com.helios.rule-engine:] AttributesMap{data={ruleFile=rules.json}, capacity=128, totalAddedValues=1}
19:27:24 INFO  [io.op.ex.lo.LoggingSpanExporter] (BatchSpanProcessor_WorkerThread-1) 'check-for-rule-updates' : 306aca8b9a186098fdfa3247611950b5 04de6b1cd798dd0f INTERNAL [tracer: com.helios.rule-engine:] AttributesMap{data={ruleFile=rules.json}, capacity=128, totalAddedValues=1}
19:27:34 INFO  [io.op.ex.lo.LoggingSpanExporter] (BatchSpanProcessor_WorkerThread-1) 'check-for-rule-updates' : 7b7cf1384e22db583e2169e3bfc82036 055a99aef66c855a INTERNAL [tracer: com.helios.rule-engine:] AttributesMap{data={ruleFile=rules.json}, capacity=128, totalAddedValues=1}
19:27:44 INFO  [io.op.ex.lo.LoggingSpanExporter] (BatchSpanProcessor_WorkerThread-1) 'check-for-rule-updates' : e795fbc6334ca9752e7c996dc3a82082 ef6884bba81abdfa INTERNAL [tracer: com.helios.rule-engine:] AttributesMap{data={ruleFile=rules.json}, capacity=128, totalAddedValues=1}
19:27:54 INFO  [io.op.ex.lo.LoggingSpanExporter] (BatchSpanProcessor_WorkerThread-1) 'check-for-rule-updates' : 3649b2d7f787fbdae253c1b6ffd1ade6 4e8595ecf0bf7c79 INTERNAL [tracer: com.helios.rule-engine:] AttributesMap{data={ruleFile=rules.json}, capacity=128, totalAddedValues=1}
19:28:04 INFO  [io.op.ex.lo.LoggingSpanExporter] (BatchSpanProcessor_WorkerThread-1) 'check-for-rule-updates' : b703486cba8b3b476b41f372c4c89c05 322c5bf656a84f7c INTERNAL [tracer: com.helios.rule-engine:] AttributesMap{data={ruleFile=rules.json}, capacity=128, totalAddedValues=1}
19:28:09 INFO  [io.op.ex.lo.LoggingSpanExporter] (BatchSpanProcessor_WorkerThread-1) 'http-list-rules' : eee58a2c117129f9737deff64d95f156 74b87652a4cb318e INTERNAL [tracer: com.helios.rule-engine:] AttributesMap{data={ruleCount=3}, capacity=128, totalAddedValues=1}
19:28:09 INFO  [io.op.ex.lo.LoggingSpanExporter] (BatchSpanProcessor_WorkerThread-1) 'http-list-rules' : 707b9c9ce9c37e3999f61896ff6228aa 9b803816427d017e INTERNAL [tracer: com.helios.rule-engine:] AttributesMap{data={ruleCount=3}, capacity=128, totalAddedValues=1}
19:28:14 INFO  [io.op.ex.lo.LoggingSpanExporter] (BatchSpanProcessor_WorkerThread-1) 'check-for-rule-updates' : 1f387727997e706c14e0220b0fa9d16f 600176af39d8dba7 INTERNAL [tracer: com.helios.rule-engine:] AttributesMap{data={ruleFile=rules.json}, capacity=128, totalAddedValues=1}
19:28:24 INFO  [io.op.ex.lo.LoggingSpanExporter] (BatchSpanProcessor_WorkerThread-1) 'check-for-rule-updates' : 14ddf0d4f6976816f738692db0a24aea 79870a8422c81aa8 INTERNAL [tracer: com.helios.rule-engine:] AttributesMap{data={ruleFile=rules.json}, capacity=128, totalAddedValues=1}
19:28:34 INFO  [io.op.ex.lo.LoggingSpanExporter] (BatchSpanProcessor_WorkerThread-1) 'check-for-rule-updates' : 5ac728e5154b8777338875f029f54f17 a234c899d4018b30 INTERNAL [tracer: com.helios.rule-engine:] AttributesMap{data={ruleFile=rules.json}, capacity=128, totalAddedValues=1}
19:28:44 INFO  [io.op.ex.lo.LoggingSpanExporter] (BatchSpanProcessor_WorkerThread-1) 'check-for-rule-updates' : 865588d5e65d9db9cea982649ddd70d4 d82680e57c6d49a8 INTERNAL [tracer: com.helios.rule-engine:] AttributesMap{data={ruleFile=rules.json}, capacity=128, totalAddedValues=1}
19:28:54 INFO  [io.op.ex.lo.LoggingSpanExporter] (BatchSpanProcessor_WorkerThread-1) 'check-for-rule-updates' : 7220b106b7afb0fbd15881a96d0c0dcd f5d70e3932de73a6 INTERNAL [tracer: com.helios.rule-engine:] AttributesMap{data={ruleFile=rules.json}, capacity=128, totalAddedValues=1}
19:29:05 INFO  [io.op.ex.lo.LoggingSpanExporter] (BatchSpanProcessor_WorkerThread-1) 'check-for-rule-updates' : 068ea3036b5b5622034443ddcebec9ee 7568a6a996ae379a INTERNAL [tracer: com.helios.rule-engine:] AttributesMap{data={ruleFile=rules.json}, capacity=128, totalAddedValues=1}
19:29:10 INFO  [io.op.ex.lo.LoggingSpanExporter] (BatchSpanProcessor_WorkerThread-1) 'http-list-rules' : eeb5d250f47f56bedfb09b28ea7b01eb 5b1ba006bcc7bfc3 INTERNAL [tracer: com.helios.rule-engine:] AttributesMap{data={ruleCount=3}, capacity=128, totalAddedValues=1}
19:29:15 INFO  [io.op.ex.lo.LoggingSpanExporter] (BatchSpanProcessor_WorkerThread-1) 'http-list-rules' : c4f98a23056e09cf92a2abc1af24303e 0279c35c44cf53c1 INTERNAL [tracer: com.helios.rule-engine:] AttributesMap{data={ruleCount=3}, capacity=128, totalAddedValues=1}
19:29:15 INFO  [io.op.ex.lo.LoggingSpanExporter] (BatchSpanProcessor_WorkerThread-1) 'http-list-rules' : b3fee9953306cded083e7109d96308fe 9ee44ea27753775b INTERNAL [tracer: com.helios.rule-engine:] AttributesMap{data={ruleCount=3}, capacity=128, totalAddedValues=1}
19:29:15 INFO  [io.op.ex.lo.LoggingSpanExporter] (BatchSpanProcessor_WorkerThread-1) 'http-list-rules' : 51c4f4c221c4a21bb0ccd04cda36c2df 620910eb3f89583f INTERNAL [tracer: com.helios.rule-engine:] AttributesMap{data={ruleCount=3}, capacity=128, totalAddedValues=1}
19:29:15 INFO  [io.op.ex.lo.LoggingSpanExporter] (BatchSpanProcessor_WorkerThread-1) 'check-for-rule-updates' : bdbbef74613ef3523dbe4c5895784bab bd0bbf0620a3141d INTERNAL [tracer: com.helios.rule-engine:] AttributesMap{data={ruleFile=rules.json}, capacity=128, totalAddedValues=1}
19:29:25 INFO  [io.op.ex.lo.LoggingSpanExporter] (BatchSpanProcessor_WorkerThread-1) 'check-for-rule-updates' : d20fd5b5bc097b38e304fd5d93c81725 dc389d7d07c7462a INTERNAL [tracer: com.helios.rule-engine:] AttributesMap{data={ruleFile=rules.json}, capacity=128, totalAddedValues=1}
19:29:35 INFO  [io.op.ex.lo.LoggingSpanExporter] (BatchSpanProcessor_WorkerThread-1) 'check-for-rule-updates' : f91c3ead9d1422fd83d8a43b5cbb768b 1540b55dc070bb9a INTERNAL [tracer: com.helios.rule-engine:] AttributesMap{data={ruleFile=rules.json}, capacity=128, totalAddedValues=1}
19:29:45 INFO  [io.op.ex.lo.LoggingSpanExporter] (BatchSpanProcessor_WorkerThread-1) 'check-for-rule-updates' : ef01976309eb7b15b6750437268e770d eeeac0624387c925 INTERNAL [tracer: com.helios.rule-engine:] AttributesMap{data={ruleFile=rules.json}, capacity=128, totalAddedValues=1}
19:29:55 INFO  [io.op.ex.lo.LoggingSpanExporter] (BatchSpanProcessor_WorkerThread-1) 'check-for-rule-updates' : 753daf52baaa81f36c50cf0e9821de26 f01fa4badd0b8a7a INTERNAL [tracer: com.helios.rule-engine:] AttributesMap{data={ruleFile=rules.json}, capacity=128, totalAddedValues=1}
19:30:05 INFO  [io.op.ex.lo.LoggingSpanExporter] (BatchSpanProcessor_WorkerThread-1) 'check-for-rule-updates' : 23bbdce7b8f649d18d96f134605c97da 6b81b43d120a0710 INTERNAL [tracer: com.helios.rule-engine:] AttributesMap{data={ruleFile=rules.json}, capacity=128, totalAddedValues=1}
19:30:15 INFO  [io.op.ex.lo.LoggingSpanExporter] (BatchSpanProcessor_WorkerThread-1) 'check-for-rule-updates' : 6aa030860176009d7baa2eba9464d2f1 92e39e318ef46589 INTERNAL [tracer: com.helios.rule-engine:] AttributesMap{data={ruleFile=rules.json}, capacity=128, totalAddedValues=1}
19:30:25 INFO  [io.op.ex.lo.LoggingSpanExporter] (BatchSpanProcessor_WorkerThread-1) 'check-for-rule-updates' : 27466bc88a919d8a696d0028a323eb3e 62e90dd85a5787d4 INTERNAL [tracer: com.helios.rule-engine:] AttributesMap{data={ruleFile=rules.json}, capacity=128, totalAddedValues=1}
19:30:35 INFO  [io.op.ex.lo.LoggingSpanExporter] (BatchSpanProcessor_WorkerThread-1) 'check-for-rule-updates' : a6b7dc8c4a7b9ea4bfee0a157815fc84 8ecbd4c6527f9cfd INTERNAL [tracer: com.helios.rule-engine:] AttributesMap{data={ruleFile=rules.json}, capacity=128, totalAddedValues=1}
19:30:45 INFO  [io.op.ex.lo.LoggingSpanExporter] (BatchSpanProcessor_WorkerThread-1) 'check-for-rule-updates' : 2c5274101f391958e27c89f1df40571f d95372834f5d137b INTERNAL [tracer: com.helios.rule-engine:] AttributesMap{data={ruleFile=rules.json}, capacity=128, totalAddedValues=1}
19:30:55 INFO  [io.op.ex.lo.LoggingSpanExporter] (BatchSpanProcessor_WorkerThread-1) 'check-for-rule-updates' : 33932446a1abc1d4eabf30709de03d89 06fb87ea4b6ea796 INTERNAL [tracer: com.helios.rule-engine:] AttributesMap{data={ruleFile=rules.json}, capacity=128, totalAddedValues=1}
19:31:05 INFO  [io.op.ex.lo.LoggingSpanExporter] (BatchSpanProcessor_WorkerThread-1) 'check-for-rule-updates' : e44bb328633e1a88d7802b792f40f638 6a2e5f54247616d4 INTERNAL [tracer: com.helios.rule-engine:] AttributesMap{data={ruleFile=rules.json}, capacity=128, totalAddedValues=1}
19:31:15 INFO  [io.op.ex.lo.LoggingSpanExporter] (BatchSpanProcessor_WorkerThread-1) 'check-for-rule-updates' : d74092a4d1dff77ea509d428cb7e8454 ec6541380784102a INTERNAL [tracer: com.helios.rule-engine:] AttributesMap{data={ruleFile=rules.json}, capacity=128, totalAddedValues=1}
19:31:25 INFO  [io.op.ex.lo.LoggingSpanExporter] (BatchSpanProcessor_WorkerThread-1) 'check-for-rule-updates' : 5b6d4448b730ad6a7870e4c4bc08fcf6 154e1889a45467d3 INTERNAL [tracer: com.helios.rule-engine:] AttributesMap{data={ruleFile=rules.json}, capacity=128, totalAddedValues=1}
19:31:35 INFO  [io.op.ex.lo.LoggingSpanExporter] (BatchSpanProcessor_WorkerThread-1) 'check-for-rule-updates' : f9850ee4784c03c37717897e6b53e81f eb948cf5db3780dc INTERNAL [tracer: com.helios.rule-engine:] AttributesMap{data={ruleFile=rules.json}, capacity=128, totalAddedValues=1}
19:31:45 INFO  [io.op.ex.lo.LoggingSpanExporter] (BatchSpanProcessor_WorkerThread-1) 'check-for-rule-updates' : 9d438c1cca25fd5c5013ecb680f8e554 9a31e310a4adafb0 INTERNAL [tracer: com.helios.rule-engine:] AttributesMap{data={ruleFile=rules.json}, capacity=128, totalAddedValues=1}
19:31:55 INFO  [io.op.ex.lo.LoggingSpanExporter] (BatchSpanProcessor_WorkerThread-1) 'check-for-rule-updates' : 344318fa91dd7d2198f80e951930b187 04332611cd5b4952 INTERNAL [tracer: com.helios.rule-engine:] AttributesMap{data={ruleFile=rules.json}, capacity=128, totalAddedValues=1}
19:32:05 INFO  [io.op.ex.lo.LoggingSpanExporter] (BatchSpanProcessor_WorkerThread-1) 'http-list-rules' : 1cc420a145c95fafed5fe9487925cdb8 0435c765f56b906f INTERNAL [tracer: com.helios.rule-engine:] AttributesMap{data={ruleCount=3}, capacity=128, totalAddedValues=1}
19:32:05 INFO  [io.op.ex.lo.LoggingSpanExporter] (BatchSpanProcessor_WorkerThread-1) 'http-get-rule' : a45e083ca181862c5c9f4aebaff3ae1c 91a79185cea8b7aa INTERNAL [tracer: com.helios.rule-engine:] AttributesMap{data={ruleCode=FRAUD_DETECTION}, capacity=128, totalAddedValues=1}
19:32:05 INFO  [io.op.ex.lo.LoggingSpanExporter] (BatchSpanProcessor_WorkerThread-1) 'http-get-stats' : a60401339f0b22b66cb72a5de3bfb869 ad3e2b0bb8b7ebfa INTERNAL [tracer: com.helios.rule-engine:] {}
19:32:05 INFO  [io.op.ex.lo.LoggingSpanExporter] (BatchSpanProcessor_WorkerThread-1) 'http-get-health' : edc36a495cfc827e74f53e2be615e48b 60f0484730e42d33 INTERNAL [tracer: com.helios.rule-engine:] {}
19:32:05 INFO  [io.op.ex.lo.LoggingSpanExporter] (BatchSpanProcessor_WorkerThread-1) 'http-get-monitoring-metrics' : 171914605c0ff300dd50afaf6270d8b3 09f2d566cf79d518 INTERNAL [tracer: com.helios.rule-engine:] {}
19:32:05 INFO  [io.op.ex.lo.LoggingSpanExporter] (BatchSpanProcessor_WorkerThread-1) 'check-for-rule-updates' : db247291c2923925950cd11d70b50fa6 5a4a3943ab97f556 INTERNAL [tracer: com.helios.rule-engine:] AttributesMap{data={ruleFile=rules.json}, capacity=128, totalAddedValues=1}
19:32:15 INFO  [io.op.ex.lo.LoggingSpanExporter] (BatchSpanProcessor_WorkerThread-1) 'http-list-rules' : f68d07ba572ca7f7a66eb8b958ecfdf3 dc6a5cfd8f5759b7 INTERNAL [tracer: com.helios.rule-engine:] AttributesMap{data={ruleCount=3}, capacity=128, totalAddedValues=1}
19:32:15 INFO  [io.op.ex.lo.LoggingSpanExporter] (BatchSpanProcessor_WorkerThread-1) 'check-for-rule-updates' : f0e99eaa1b71e4b63e0ddcc9450d853b 94a7dc8e9eae1dac INTERNAL [tracer: com.helios.rule-engine:] AttributesMap{data={ruleFile=rules.json}, capacity=128, totalAddedValues=1}
19:32:25 INFO  [io.op.ex.lo.LoggingSpanExporter] (BatchSpanProcessor_WorkerThread-1) 'check-for-rule-updates' : e7fe5ad97b313252561332783c12dc4d e05e8d8a225d8caf INTERNAL [tracer: com.helios.rule-engine:] AttributesMap{data={ruleFile=rules.json}, capacity=128, totalAddedValues=1}
19:32:35 INFO  [io.op.ex.lo.LoggingSpanExporter] (BatchSpanProcessor_WorkerThread-1) 'check-for-rule-updates' : ec91249e1a07ba8a49c06db60eff0d92 eebd4382699c58bc INTERNAL [tracer: com.helios.rule-engine:] AttributesMap{data={ruleFile=rules.json}, capacity=128, totalAddedValues=1}
19:32:45 INFO  [io.op.ex.lo.LoggingSpanExporter] (BatchSpanProcessor_WorkerThread-1) 'check-for-rule-updates' : cfddd5b7b7fe87195991597502f261a0 2735e8c91bcf0220 INTERNAL [tracer: com.helios.rule-engine:] AttributesMap{data={ruleFile=rules.json}, capacity=128, totalAddedValues=1}
19:32:50 INFO  [io.op.ex.lo.LoggingSpanExporter] (BatchSpanProcessor_WorkerThread-1) 'http-list-rules' : cdd56ff5bfa263c960cab0807bf98216 120565379c420359 INTERNAL [tracer: com.helios.rule-engine:] AttributesMap{data={ruleCount=3}, capacity=128, totalAddedValues=1}
19:32:55 INFO  [io.op.ex.lo.LoggingSpanExporter] (BatchSpanProcessor_WorkerThread-1) 'check-for-rule-updates' : 3da0af610c575c54245875a7f61ad8ae 8170b2b6572fd791 INTERNAL [tracer: com.helios.rule-engine:] AttributesMap{data={ruleFile=rules.json}, capacity=128, totalAddedValues=1}
19:33:05 INFO  [io.op.ex.lo.LoggingSpanExporter] (BatchSpanProcessor_WorkerThread-1) 'check-for-rule-updates' : 1bbdeecb0ed771536ecf0167744cb670 03061e3b18069ae3 INTERNAL [tracer: com.helios.rule-engine:] AttributesMap{data={ruleFile=rules.json}, capacity=128, totalAddedValues=1}
19:33:15 INFO  [io.op.ex.lo.LoggingSpanExporter] (BatchSpanProcessor_WorkerThread-1) 'check-for-rule-updates' : bdb148aa7674f9a898d21ab5742796d5 ed65e6f7d9d74777 INTERNAL [tracer: com.helios.rule-engine:] AttributesMap{data={ruleFile=rules.json}, capacity=128, totalAddedValues=1}
19:33:25 INFO  [io.op.ex.lo.LoggingSpanExporter] (BatchSpanProcessor_WorkerThread-1) 'check-for-rule-updates' : 41e5211d7f53f8a4e2231ec2c60185db bc0efafdebf07c5b INTERNAL [tracer: com.helios.rule-engine:] AttributesMap{data={ruleFile=rules.json}, capacity=128, totalAddedValues=1}
19:33:35 INFO  [io.op.ex.lo.LoggingSpanExporter] (BatchSpanProcessor_WorkerThread-1) 'check-for-rule-updates' : a49595dd22935318cc59d36f1998c7cf 16fa6c3609815a02 INTERNAL [tracer: com.helios.rule-engine:] AttributesMap{data={ruleFile=rules.json}, capacity=128, totalAddedValues=1}
19:33:45 INFO  [io.op.ex.lo.LoggingSpanExporter] (BatchSpanProcessor_WorkerThread-1) 'check-for-rule-updates' : 45b751bdf66fd5f8387c568e79432be2 c894e3d8b498cc71 INTERNAL [tracer: com.helios.rule-engine:] AttributesMap{data={ruleFile=rules.json}, capacity=128, totalAddedValues=1}
19:33:55 INFO  [io.op.ex.lo.LoggingSpanExporter] (BatchSpanProcessor_WorkerThread-1) 'check-for-rule-updates' : 374e1a95cfe8d2ce32fa2a69024d842d 10b7bc303c6c0643 INTERNAL [tracer: com.helios.rule-engine:] AttributesMap{data={ruleFile=rules.json}, capacity=128, totalAddedValues=1}
19:34:05 INFO  [io.op.ex.lo.LoggingSpanExporter] (BatchSpanProcessor_WorkerThread-1) 'check-for-rule-updates' : cc599d04c062a89f9af081363a2ba5a7 95f5e30e78796d23 INTERNAL [tracer: com.helios.rule-engine:] AttributesMap{data={ruleFile=rules.json}, capacity=128, totalAddedValues=1}
19:34:15 INFO  [io.op.ex.lo.LoggingSpanExporter] (BatchSpanProcessor_WorkerThread-1) 'check-for-rule-updates' : 3ab67b71e1ded129d9bd816dbc00cf6d ac63b778bda86fe0 INTERNAL [tracer: com.helios.rule-engine:] AttributesMap{data={ruleFile=rules.json}, capacity=128, totalAddedValues=1}
19:34:25 INFO  [io.op.ex.lo.LoggingSpanExporter] (BatchSpanProcessor_WorkerThread-1) 'check-for-rule-updates' : fa2f38560499f3038fca4057f2f88479 de98080d313732fe INTERNAL [tracer: com.helios.rule-engine:] AttributesMap{data={ruleFile=rules.json}, capacity=128, totalAddedValues=1}
19:34:35 INFO  [io.op.ex.lo.LoggingSpanExporter] (BatchSpanProcessor_WorkerThread-1) 'check-for-rule-updates' : 300827d6a7b93bcf07f9641472b101ba ed500a53d3f6d2a4 INTERNAL [tracer: com.helios.rule-engine:] AttributesMap{data={ruleFile=rules.json}, capacity=128, totalAddedValues=1}
19:34:45 INFO  [io.op.ex.lo.LoggingSpanExporter] (BatchSpanProcessor_WorkerThread-1) 'check-for-rule-updates' : 484b84a667942b8a52427d05ab38b54f 51f1d892e88a9604 INTERNAL [tracer: com.helios.rule-engine:] AttributesMap{data={ruleFile=rules.json}, capacity=128, totalAddedValues=1}
19:34:55 INFO  [io.op.ex.lo.LoggingSpanExporter] (BatchSpanProcessor_WorkerThread-1) 'check-for-rule-updates' : ecca622ade7345b08f6056425254638c f9a57aa095bd36d6 INTERNAL [tracer: com.helios.rule-engine:] AttributesMap{data={ruleFile=rules.json}, capacity=128, totalAddedValues=1}
